Date : 2021-03-08 | Heure : 13-51-23 | Method : --- | Route : --- | IP : ---| Message : true
Date : 2021-03-08 | Heure : 13-51-23 | Method : --- | Route : --- | IP : ---| Message : true
Date : 2021-03-08 | Heure : 13-51-23 | Method : --- | Route : --- | IP : ---| Message : true
Date : 2021-03-08 | Heure : 13-51-23 | Method : --- | Route : --- | IP : ---| Message : true
Date : 2021-03-08 | Heure : 13-51-23 | Method : --- | Route : --- | IP : ---| Message : true
Date : 2021-03-08 | Heure : 13-51-23 | Method : --- | Route : --- | IP : ---| Message : true
Date : 2021-03-08 | Heure : 13-51-23 | Method : --- | Route : --- | IP : ---| Message : true
Date : 2021-03-08 | Heure : 13-51-23 | Method : --- | Route : --- | IP : ---| Message : true
Date : 2021-03-08 | Heure : 13-51-23 | Method : --- | Route : --- | IP : ---| Message : true
Date : 2021-03-08 | Heure : 13-51-23 | Method : --- | Route : --- | IP : ---| Message : true
Date : 2021-03-08 | Heure : 13-51-23 | Method : --- | Route : --- | IP : ---| Message : true
Date : 2021-03-08 | Heure : 13-51-23 | Method : --- | Route : --- | IP : ---| Message : true
Date : 2021-03-08 | Heure : 13-51-23 | Method : --- | Route : --- | IP : ---| Message : true
Date : 2021-03-08 | Heure : 13-51-23 | Method : --- | Route : --- | IP : ---| Message : true
Date : 2021-03-08 | Heure : 13-51-38 | Method : --- | Route : --- | IP : ---| Message : true
Date : 2021-03-08 | Heure : 13-51-38 | Method : --- | Route : --- | IP : ---| Message : true
Date : 2021-03-08 | Heure : 13-51-38 | Method : --- | Route : --- | IP : ---| Message : true
Date : 2021-03-08 | Heure : 13-51-38 | Method : --- | Route : --- | IP : ---| Message : true
Date : 2021-03-08 | Heure : 13-51-38 | Method : --- | Route : --- | IP : ---| Message : true
Date : 2021-03-08 | Heure : 13-51-38 | Method : --- | Route : --- | IP : ---| Message : true
Date : 2021-03-08 | Heure : 13-51-38 | Method : --- | Route : --- | IP : ---| Message : true
Date : 2021-03-08 | Heure : 13-51-38 | Method : --- | Route : --- | IP : ---| Message : true
Date : 2021-03-08 | Heure : 13-51-38 | Method : --- | Route : --- | IP : ---| Message : true
Date : 2021-03-08 | Heure : 13-51-38 | Method : --- | Route : --- | IP : ---| Message : true
Date : 2021-03-08 | Heure : 13-51-38 | Method : --- | Route : --- | IP : ---| Message : true
Date : 2021-03-08 | Heure : 13-51-38 | Method : --- | Route : --- | IP : ---| Message : true
Date : 2021-03-08 | Heure : 13-51-38 | Method : --- | Route : --- | IP : ---| Message : true
Date : 2021-03-08 | Heure : 13-51-38 | Method : --- | Route : --- | IP : ---| Message : true
Date : 2021-03-08 | Heure : 13-52-24 | Method : GET | Route : /Rookie/cats | IP : ::1| Message : false
Date : 2021-03-08 | Heure : 13-52-58 | Method : GET | Route : /Rookie/cats:json-get | IP : ::1| Message : true
Date : 2021-03-08 | Heure : 14-08-52 | Method : --- | Route : --- | IP : ---| Message : true
Date : 2021-03-08 | Heure : 14-08-52 | Method : --- | Route : --- | IP : ---| Message : true
Date : 2021-03-08 | Heure : 14-08-52 | Method : --- | Route : --- | IP : ---| Message : true
Date : 2021-03-08 | Heure : 14-08-52 | Method : --- | Route : --- | IP : ---| Message : true
Date : 2021-03-08 | Heure : 14-08-52 | Method : --- | Route : --- | IP : ---| Message : true
Date : 2021-03-08 | Heure : 14-08-52 | Method : --- | Route : --- | IP : ---| Message : true
Date : 2021-03-08 | Heure : 14-08-52 | Method : --- | Route : --- | IP : ---| Message : true
Date : 2021-03-08 | Heure : 14-08-52 | Method : --- | Route : --- | IP : ---| Message : true
Date : 2021-03-08 | Heure : 14-08-52 | Method : --- | Route : --- | IP : ---| Message : true
Date : 2021-03-08 | Heure : 14-08-52 | Method : --- | Route : --- | IP : ---| Message : true
Date : 2021-03-08 | Heure : 14-08-52 | Method : --- | Route : --- | IP : ---| Message : true
Date : 2021-03-08 | Heure : 14-08-52 | Method : --- | Route : --- | IP : ---| Message : true
Date : 2021-03-08 | Heure : 14-08-52 | Method : --- | Route : --- | IP : ---| Message : true
Date : 2021-03-08 | Heure : 14-08-52 | Method : --- | Route : --- | IP : ---| Message : true
Date : 2021-03-08 | Heure : 14-08-59 | Method : GET | Route : /Rookie/cats | IP : ::1| Message : false
Date : 2021-03-08 | Heure : 14-09-18 | Method : --- | Route : --- | IP : ---| Message : true
Date : 2021-03-08 | Heure : 14-09-18 | Method : --- | Route : --- | IP : ---| Message : true
Date : 2021-03-08 | Heure : 14-09-18 | Method : --- | Route : --- | IP : ---| Message : true
Date : 2021-03-08 | Heure : 14-09-18 | Method : --- | Route : --- | IP : ---| Message : true
Date : 2021-03-08 | Heure : 14-09-18 | Method : --- | Route : --- | IP : ---| Message : true
Date : 2021-03-08 | Heure : 14-09-18 | Method : --- | Route : --- | IP : ---| Message : true
Date : 2021-03-08 | Heure : 14-09-18 | Method : --- | Route : --- | IP : ---| Message : true
Date : 2021-03-08 | Heure : 14-09-18 | Method : --- | Route : --- | IP : ---| Message : true
Date : 2021-03-08 | Heure : 14-09-18 | Method : --- | Route : --- | IP : ---| Message : true
Date : 2021-03-08 | Heure : 14-09-18 | Method : --- | Route : --- | IP : ---| Message : true
Date : 2021-03-08 | Heure : 14-09-18 | Method : --- | Route : --- | IP : ---| Message : true
Date : 2021-03-08 | Heure : 14-09-18 | Method : --- | Route : --- | IP : ---| Message : true
Date : 2021-03-08 | Heure : 14-09-18 | Method : --- | Route : --- | IP : ---| Message : true
Date : 2021-03-08 | Heure : 14-09-18 | Method : --- | Route : --- | IP : ---| Message : true
Date : 2021-03-08 | Heure : 14-09-24 | Method : GET | Route : /Rookie/cats | IP : ::1| Message : false
Date : 2021-03-08 | Heure : 14-09-50 | Method : --- | Route : --- | IP : ---| Message : true
Date : 2021-03-08 | Heure : 14-09-50 | Method : --- | Route : --- | IP : ---| Message : true
Date : 2021-03-08 | Heure : 14-09-50 | Method : --- | Route : --- | IP : ---| Message : true
Date : 2021-03-08 | Heure : 14-09-50 | Method : --- | Route : --- | IP : ---| Message : true
Date : 2021-03-08 | Heure : 14-09-50 | Method : --- | Route : --- | IP : ---| Message : true
Date : 2021-03-08 | Heure : 14-09-50 | Method : --- | Route : --- | IP : ---| Message : true
Date : 2021-03-08 | Heure : 14-09-50 | Method : --- | Route : --- | IP : ---| Message : true
Date : 2021-03-08 | Heure : 14-09-50 | Method : --- | Route : --- | IP : ---| Message : true
Date : 2021-03-08 | Heure : 14-09-50 | Method : --- | Route : --- | IP : ---| Message : true
Date : 2021-03-08 | Heure : 14-09-50 | Method : --- | Route : --- | IP : ---| Message : true
Date : 2021-03-08 | Heure : 14-09-50 | Method : --- | Route : --- | IP : ---| Message : true
Date : 2021-03-08 | Heure : 14-09-50 | Method : --- | Route : --- | IP : ---| Message : true
Date : 2021-03-08 | Heure : 14-09-50 | Method : --- | Route : --- | IP : ---| Message : true
Date : 2021-03-08 | Heure : 14-09-50 | Method : --- | Route : --- | IP : ---| Message : true
Date : 2021-03-08 | Heure : 14-09-56 | Method : GET | Route : /Rookie/cats | IP : ::1| Message : false
Date : 2021-03-08 | Heure : 20-35-20 | Method : GET | Route : /Rookie/cats | IP : ::1| Message : false
Date : 2021-03-08 | Heure : 20-37-14 | Method : GET | Route : /Rookie/cats | IP : ::1| Message : false
Date : 2021-03-08 | Heure : 20-38-04 | Method : GET | Route : /Rookie/cats | IP : ::1| Message : false
Date : 2021-03-08 | Heure : 20-38-07 | Method : GET | Route : /Rookie/cats | IP : ::1| Message : false
Date : 2021-03-08 | Heure : 20-39-04 | Method : GET | Route : /Rookie/cats | IP : ::1| Message : false
Date : 2021-03-08 | Heure : 20-39-24 | Method : GET | Route : /Rookie/cats | IP : ::1| Message : false
Date : 2021-03-08 | Heure : 20-40-18 | Method : GET | Route : /Rookie/cats | IP : ::1| Message : false
Date : 2021-03-08 | Heure : 20-41-05 | Method : GET | Route : /Rookie/cats | IP : ::1| Message : false
Date : 2021-03-08 | Heure : 20-41-27 | Method : GET | Route : /Rookie/cats | IP : ::1| Message : false
Date : 2021-03-08 | Heure : 20-41-36 | Method : GET | Route : /Rookie/cats | IP : ::1| Message : false
Date : 2021-03-08 | Heure : 20-42-22 | Method : GET | Route : /Rookie/cats | IP : ::1| Message : false
Date : 2021-03-08 | Heure : 20-42-32 | Method : GET | Route : /Rookie/cats | IP : ::1| Message : false
Date : 2021-03-08 | Heure : 20-43-14 | Method : GET | Route : /Rookie/cats | IP : ::1| Message : false
Date : 2021-03-08 | Heure : 20-44-10 | Method : GET | Route : /Rookie/cats | IP : ::1| Message : false
Date : 2021-03-08 | Heure : 20-44-14 | Method : GET | Route : /Rookie/cats | IP : ::1| Message : false
Date : 2021-03-08 | Heure : 20-44-26 | Method : GET | Route : /Rookie/cats | IP : ::1| Message : false
Date : 2021-03-08 | Heure : 20-45-05 | Method : GET | Route : /Rookie/cats | IP : ::1| Message : false
Date : 2021-03-08 | Heure : 20-45-21 | Method : GET | Route : /Rookie/cats | IP : ::1| Message : false
Date : 2021-03-08 | Heure : 20-45-48 | Method : GET | Route : /Rookie/cats | IP : ::1| Message : false
Date : 2021-03-08 | Heure : 20-46-38 | Method : GET | Route : /Rookie/cats | IP : ::1| Message : false
Date : 2021-03-08 | Heure : 20-46-45 | Method : GET | Route : /Rookie/cats | IP : ::1| Message : false
Date : 2021-03-08 | Heure : 20-46-57 | Method : GET | Route : /Rookie/cats | IP : ::1| Message : false
Date : 2021-03-08 | Heure : 20-47-00 | Method : GET | Route : /Rookie/cats | IP : ::1| Message : false
Date : 2021-03-08 | Heure : 20-52-27 | Method : GET | Route : /Rookie/cats | IP : ::1| Message : false
Date : 2021-03-08 | Heure : 20-54-40 | Method : GET | Route : /Rookie/cats | IP : ::1| Message : false
Date : 2021-03-08 | Heure : 21-07-03 | Method : GET | Route : /Rookie/cats | IP : ::1| Message : false
Date : 2021-03-08 | Heure : 21-07-30 | Method : GET | Route : /Rookie/cats | IP : ::1| Message : false
Date : 2021-03-08 | Heure : 21-09-46 | Method : GET | Route : /Rookie/cats | IP : ::1| Message : false
Date : 2021-03-08 | Heure : 21-11-00 | Method : GET | Route : /Rookie/cats | IP : ::1| Message : false
Date : 2021-03-08 | Heure : 21-12-27 | Method : GET | Route : /Rookie/cats | IP : ::1| Message : false
Date : 2021-03-08 | Heure : 21-12-55 | Method : GET | Route : /Rookie/cats | IP : ::1| Message : false
Date : 2021-03-08 | Heure : 21-14-09 | Method : GET | Route : /Rookie/cats | IP : ::1| Message : false
Date : 2021-03-08 | Heure : 21-16-05 | Method : GET | Route : /Rookie/cats | IP : ::1| Message : false
Date : 2021-03-08 | Heure : 21-19-51 | Method : GET | Route : /Rookie/cats | IP : ::1| Message : false
Date : 2021-03-08 | Heure : 21-21-26 | Method : GET | Route : /Rookie/cats | IP : ::1| Message : false
Date : 2021-03-08 | Heure : 21-22-20 | Method : GET | Route : /Rookie/cats | IP : ::1| Message : false
Date : 2021-03-08 | Heure : 21-22-56 | Method : GET | Route : /Rookie/cats | IP : ::1| Message : false
Date : 2021-03-08 | Heure : 21-24-41 | Method : GET | Route : /Rookie/cats | IP : ::1| Message : false
Date : 2021-03-08 | Heure : 21-26-05 | Method : GET | Route : /Rookie/cats | IP : ::1| Message : false
Date : 2021-03-08 | Heure : 21-30-24 | Method : GET | Route : /Rookie/cats | IP : ::1| Message : false
Date : 2021-03-08 | Heure : 21-30-51 | Method : GET | Route : /Rookie/cats | IP : ::1| Message : false
Date : 2021-03-08 | Heure : 21-31-26 | Method : GET | Route : /Rookie/cats | IP : ::1| Message : false
Date : 2021-03-08 | Heure : 21-31-52 | Method : GET | Route : /Rookie/cats | IP : ::1| Message : false
Date : 2021-03-08 | Heure : 21-35-26 | Method : GET | Route : /Rookie/cats | IP : ::1| Message : false
Date : 2021-03-08 | Heure : 23-40-39 | Method : GET | Route : /Rookie/cats | IP : ::1| Message : true
Date : 2021-03-08 | Heure : 23-43-32 | Method : GET | Route : /Rookie/cats | IP : ::1| Message : false
Date : 2021-03-08 | Heure : 23-44-52 | Method : GET | Route : /Rookie/cats | IP : ::1| Message : false
Date : 2021-03-08 | Heure : 23-48-59 | Method : GET | Route : /Rookie/cats | IP : ::1| Message : false
Date : 2021-03-08 | Heure : 23-55-31 | Method : GET | Route : /Rookie/cats | IP : ::1| Message : false
Date : 2021-03-08 | Heure : 23-58-54 | Method : GET | Route : /Rookie/cats | IP : ::1| Message : false
Date : 2021-03-08 | Heure : 23-58-54 | Method : GET | Route : /Rookie/cats | IP : ::1| Message : null
Date : 2021-03-08 | Heure : 23-58-54 | Method : GET | Route : /Rookie/cats | IP : ::1| Message : false
Date : 2021-03-08 | Heure : 23-59-56 | Method : GET | Route : /Rookie/cats | IP : ::1| Message : false
Date : 2021-03-08 | Heure : 23-59-56 | Method : GET | Route : /Rookie/cats | IP : ::1| Message : null
Date : 2021-03-08 | Heure : 23-59-56 | Method : GET | Route : /Rookie/cats | IP : ::1| Message : false
