Date : 2021-03-07 | Heure : 15-59-20 | Method : GET | Route : /Rookie/movies | IP : ::1| Message : "/Users/infinity-dev/Sites/Rookie/public"
Date : 2021-03-07 | Heure : 15-59-20 | Method : GET | Route : /Rookie/movies | IP : ::1| Message : "/Users/infinity-dev/Sites/Rookie/public"
Date : 2021-03-07 | Heure : 15-59-20 | Method : GET | Route : /Rookie/movies | IP : ::1| Message : "/Users/infinity-dev/Sites/Rookie/public"
Date : 2021-03-07 | Heure : 15-59-20 | Method : GET | Route : /Rookie/movies | IP : ::1| Message : "/Users/infinity-dev/Sites/Rookie/public"
Date : 2021-03-07 | Heure : 15-59-20 | Method : GET | Route : /Rookie/movies | IP : ::1| Message : "/Users/infinity-dev/Sites/Rookie/public"
Date : 2021-03-07 | Heure : 16-03-19 | Method : GET | Route : /Rookie/movies | IP : ::1| Message : "/Users/infinity-dev/Sites/Rookie/public"
Date : 2021-03-07 | Heure : 16-03-19 | Method : GET | Route : /Rookie/movies | IP : ::1| Message : "/Users/infinity-dev/Sites/Rookie/public"
Date : 2021-03-07 | Heure : 16-03-19 | Method : GET | Route : /Rookie/movies | IP : ::1| Message : "/Users/infinity-dev/Sites/Rookie/public"
Date : 2021-03-07 | Heure : 16-03-19 | Method : GET | Route : /Rookie/movies | IP : ::1| Message : "/Users/infinity-dev/Sites/Rookie/public"
Date : 2021-03-07 | Heure : 16-03-19 | Method : GET | Route : /Rookie/movies | IP : ::1| Message : "/Users/infinity-dev/Sites/Rookie/public"
Date : 2021-03-07 | Heure : 16-03-20 | Method : GET | Route : /Rookie/movies | IP : ::1| Message : "/Users/infinity-dev/Sites/Rookie/public"
Date : 2021-03-07 | Heure : 16-03-20 | Method : GET | Route : /Rookie/movies | IP : ::1| Message : "/Users/infinity-dev/Sites/Rookie/public"
Date : 2021-03-07 | Heure : 16-03-20 | Method : GET | Route : /Rookie/movies | IP : ::1| Message : "/Users/infinity-dev/Sites/Rookie/public"
Date : 2021-03-07 | Heure : 16-03-20 | Method : GET | Route : /Rookie/movies | IP : ::1| Message : "/Users/infinity-dev/Sites/Rookie/public"
Date : 2021-03-07 | Heure : 16-03-20 | Method : GET | Route : /Rookie/movies | IP : ::1| Message : "/Users/infinity-dev/Sites/Rookie/public"
Date : 2021-03-07 | Heure : 16-03-33 | Method : GET | Route : /Rookie/movies | IP : ::1| Message : "/Users/infinity-dev/Sites/Rookie/public"
Date : 2021-03-07 | Heure : 16-03-33 | Method : GET | Route : /Rookie/movies | IP : ::1| Message : "/Users/infinity-dev/Sites/Rookie/public"
Date : 2021-03-07 | Heure : 16-03-33 | Method : GET | Route : /Rookie/movies | IP : ::1| Message : "/Users/infinity-dev/Sites/Rookie/public"
Date : 2021-03-07 | Heure : 16-03-33 | Method : GET | Route : /Rookie/movies | IP : ::1| Message : "/Users/infinity-dev/Sites/Rookie/public"
Date : 2021-03-07 | Heure : 16-03-33 | Method : GET | Route : /Rookie/movies | IP : ::1| Message : "/Users/infinity-dev/Sites/Rookie/public"
Date : 2021-03-07 | Heure : 16-04-00 | Method : --- | Route : --- | IP : ---| Message : "/Users/infinity-dev/Sites/Rookie"
Date : 2021-03-07 | Heure : 16-05-51 | Method : --- | Route : --- | IP : ---| Message : "/Users/infinity-dev/Sites/Rookie"
Date : 2021-03-07 | Heure : 16-07-33 | Method : GET | Route : /Rookie/movies | IP : ::1| Message : "/Users/infinity-dev/Sites/Rookie/public"
Date : 2021-03-07 | Heure : 16-07-33 | Method : GET | Route : /Rookie/movies | IP : ::1| Message : "/Users/infinity-dev/Sites/Rookie/public"
Date : 2021-03-07 | Heure : 16-07-33 | Method : GET | Route : /Rookie/movies | IP : ::1| Message : "/Users/infinity-dev/Sites/Rookie/public"
Date : 2021-03-07 | Heure : 16-07-33 | Method : GET | Route : /Rookie/movies | IP : ::1| Message : "/Users/infinity-dev/Sites/Rookie/public"
Date : 2021-03-07 | Heure : 16-07-33 | Method : GET | Route : /Rookie/movies | IP : ::1| Message : "/Users/infinity-dev/Sites/Rookie/public"
Date : 2021-03-07 | Heure : 20-48-00 | Method : --- | Route : --- | IP : ---| Message : "/Users/infinity-dev/Sites/Rookie"
Date : 2021-03-07 | Heure : 21-08-32 | Method : --- | Route : --- | IP : ---| Message : "/Users/infinity-dev/Sites/Rookie"
Date : 2021-03-07 | Heure : 21-08-42 | Method : --- | Route : --- | IP : ---| Message : "/Users/infinity-dev/Sites/Rookie"
Date : 2021-03-07 | Heure : 21-09-01 | Method : --- | Route : --- | IP : ---| Message : "/Users/infinity-dev/Sites/Rookie"
Date : 2021-03-07 | Heure : 21-09-45 | Method : --- | Route : --- | IP : ---| Message : "/Users/infinity-dev/Sites/Rookie"
Date : 2021-03-07 | Heure : 21-17-07 | Method : GET | Route : /Rookie/home | IP : ::1| Message : "/Users/infinity-dev/Sites/Rookie/public"
Date : 2021-03-07 | Heure : 21-29-33 | Method : GET | Route : /Rookie/home | IP : ::1| Message : "/Users/infinity-dev/Sites/Rookie/public"
Date : 2021-03-07 | Heure : 21-30-08 | Method : GET | Route : /Rookie/home | IP : ::1| Message : "/Users/infinity-dev/Sites/Rookie/public"
Date : 2021-03-07 | Heure : 21-32-06 | Method : GET | Route : /Rookie/home | IP : ::1| Message : "/Users/infinity-dev/Sites/Rookie/public"
Date : 2021-03-07 | Heure : 21-32-54 | Method : GET | Route : /Rookie/home | IP : ::1| Message : "/Users/infinity-dev/Sites/Rookie/public"
Date : 2021-03-07 | Heure : 21-33-36 | Method : GET | Route : /Rookie/home | IP : ::1| Message : "/Users/infinity-dev/Sites/Rookie/public"
Date : 2021-03-07 | Heure : 21-37-17 | Method : GET | Route : /Rookie/home | IP : ::1| Message : "/Users/infinity-dev/Sites/Rookie/public"
Date : 2021-03-07 | Heure : 21-47-06 | Method : GET | Route : /Rookie/home | IP : ::1| Message : "/Users/infinity-dev/Sites/Rookie/public"
Date : 2021-03-07 | Heure : 21-48-47 | Method : GET | Route : /Rookie/home | IP : ::1| Message : "/Users/infinity-dev/Sites/Rookie/public"
Date : 2021-03-07 | Heure : 21-50-47 | Method : GET | Route : /Rookie/home | IP : ::1| Message : "/Users/infinity-dev/Sites/Rookie/public"
Date : 2021-03-07 | Heure : 21-50-48 | Method : GET | Route : /Rookie/home | IP : ::1| Message : "/Users/infinity-dev/Sites/Rookie/public"
Date : 2021-03-07 | Heure : 21-52-42 | Method : GET | Route : /Rookie/home | IP : ::1| Message : "/Users/infinity-dev/Sites/Rookie/public"
Date : 2021-03-07 | Heure : 21-52-44 | Method : GET | Route : /Rookie/movies | IP : ::1| Message : "/Users/infinity-dev/Sites/Rookie/public"
Date : 2021-03-07 | Heure : 21-52-46 | Method : GET | Route : /Rookie/movies | IP : ::1| Message : "/Users/infinity-dev/Sites/Rookie/public"
Date : 2021-03-07 | Heure : 21-52-46 | Method : GET | Route : /Rookie/cats | IP : ::1| Message : "/Users/infinity-dev/Sites/Rookie/public"
Date : 2021-03-07 | Heure : 21-52-48 | Method : GET | Route : /Rookie/movies | IP : ::1| Message : "/Users/infinity-dev/Sites/Rookie/public"
Date : 2021-03-07 | Heure : 22-03-32 | Method : GET | Route : /Rookie/movies | IP : ::1| Message : "/Users/infinity-dev/Sites/Rookie/public"
Date : 2021-03-07 | Heure : 22-05-14 | Method : GET | Route : /Rookie/movies | IP : ::1| Message : "/Users/infinity-dev/Sites/Rookie/public"
Date : 2021-03-07 | Heure : 22-05-15 | Method : GET | Route : /Rookie/movies | IP : ::1| Message : "/Users/infinity-dev/Sites/Rookie/public"
Date : 2021-03-07 | Heure : 22-05-17 | Method : GET | Route : /Rookie/movies | IP : ::1| Message : "/Users/infinity-dev/Sites/Rookie/public"
Date : 2021-03-07 | Heure : 22-05-18 | Method : GET | Route : /Rookie/cats | IP : ::1| Message : "/Users/infinity-dev/Sites/Rookie/public"
Date : 2021-03-07 | Heure : 22-05-19 | Method : GET | Route : /Rookie/movies | IP : ::1| Message : "/Users/infinity-dev/Sites/Rookie/public"
Date : 2021-03-07 | Heure : 22-06-14 | Method : GET | Route : /Rookie/movies | IP : ::1| Message : "/Users/infinity-dev/Sites/Rookie/public"
Date : 2021-03-07 | Heure : 22-06-18 | Method : GET | Route : /Rookie/movies | IP : ::1| Message : "/Users/infinity-dev/Sites/Rookie/public"
Date : 2021-03-07 | Heure : 22-11-07 | Method : --- | Route : --- | IP : ---| Message : "/Users/infinity-dev/Sites/Rookie"
Date : 2021-03-07 | Heure : 22-13-35 | Method : --- | Route : --- | IP : ---| Message : "/Users/infinity-dev/Sites/Rookie"
Date : 2021-03-07 | Heure : 22-13-35 | Method : --- | Route : --- | IP : ---| Message : "/Users/infinity-dev/Sites/"
Date : 2021-03-07 | Heure : 22-15-31 | Method : --- | Route : --- | IP : ---| Message : "/Users/infinity-dev/Sites/Rookie"
Date : 2021-03-07 | Heure : 22-15-31 | Method : --- | Route : --- | IP : ---| Message : "/Users/infinity-dev/Sites/"
Date : 2021-03-07 | Heure : 22-16-28 | Method : --- | Route : --- | IP : ---| Message : "/Users/infinity-dev/Sites/Rookie"
Date : 2021-03-07 | Heure : 22-16-28 | Method : --- | Route : --- | IP : ---| Message : "/Users/infinity-dev/Sites/"
Date : 2021-03-07 | Heure : 22-17-18 | Method : --- | Route : --- | IP : ---| Message : "/Users/infinity-dev/Sites/Rookie"
Date : 2021-03-07 | Heure : 22-17-18 | Method : --- | Route : --- | IP : ---| Message : "/Users/infinity-dev/Sites/"
Date : 2021-03-07 | Heure : 22-17-53 | Method : --- | Route : --- | IP : ---| Message : "/Users/infinity-dev/Sites/Rookie"
Date : 2021-03-07 | Heure : 22-17-53 | Method : --- | Route : --- | IP : ---| Message : "/Users/infinity-dev/Sites/"
Date : 2021-03-07 | Heure : 22-18-17 | Method : --- | Route : --- | IP : ---| Message : "/Users/infinity-dev/Sites/Rookie"
Date : 2021-03-07 | Heure : 22-18-17 | Method : --- | Route : --- | IP : ---| Message : "/Users/infinity-dev/Sites/"
Date : 2021-03-07 | Heure : 22-20-19 | Method : --- | Route : --- | IP : ---| Message : "/Users/infinity-dev/Sites/config/paths_dev.ini"
Date : 2021-03-07 | Heure : 22-23-20 | Method : --- | Route : --- | IP : ---| Message : false
Date : 2021-03-07 | Heure : 22-24-55 | Method : --- | Route : --- | IP : ---| Message : true
Date : 2021-03-07 | Heure : 22-31-38 | Method : --- | Route : --- | IP : ---| Message : true
Date : 2021-03-07 | Heure : 22-31-48 | Method : GET | Route : /Rookie/movies | IP : ::1| Message : true
Date : 2021-03-07 | Heure : 22-31-49 | Method : GET | Route : /Rookie/movies | IP : ::1| Message : true
